{"C:\\Users\\laracv\\Documents\\Cursos\\ReactUdemy\\react1\\04-gif-expert-app\\src\\ImagesApp.tsx": {"path":"C:\\Users\\laracv\\Documents\\Cursos\\ReactUdemy\\react1\\04-gif-expert-app\\src\\ImagesApp.tsx","statementMap":{"0":{"start":{"line":9,"column":65},"end":{"line":9,"column":null}},"1":{"start":{"line":11,"column":2},"end":{"line":25,"column":null}}},"fnMap":{"0":{"name":"ImagesApp","decl":{"start":{"line":8,"column":16},"end":{"line":8,"column":null}},"loc":{"start":{"line":8,"column":16},"end":{"line":28,"column":null}},"line":8}},"branchMap":{},"s":{"0":1,"1":1},"f":{"0":1},"b":{},"meta":{"lastBranch":0,"lastFunction":1,"lastStatement":2,"seen":{"f:8:16:8:Infinity":0,"s:9:65:9:Infinity":0,"s:11:2:25:Infinity":1}}}
,"C:\\Users\\laracv\\Documents\\Cursos\\ReactUdemy\\react1\\04-gif-expert-app\\src\\images\\actions\\get-images-by-query.action.ts": {"path":"C:\\Users\\laracv\\Documents\\Cursos\\ReactUdemy\\react1\\04-gif-expert-app\\src\\images\\actions\\get-images-by-query.action.ts","statementMap":{"0":{"start":{"line":5,"column":32},"end":{"line":31,"column":null}},"1":{"start":{"line":6,"column":2},"end":{"line":6,"column":null}},"2":{"start":{"line":6,"column":33},"end":{"line":6,"column":null}},"3":{"start":{"line":7,"column":2},"end":{"line":30,"column":null}},"4":{"start":{"line":8,"column":21},"end":{"line":14,"column":null}},"5":{"start":{"line":15,"column":4},"end":{"line":15,"column":null}},"6":{"start":{"line":16,"column":4},"end":{"line":26,"column":null}},"7":{"start":{"line":16,"column":46},"end":{"line":26,"column":null}},"8":{"start":{"line":28,"column":4},"end":{"line":28,"column":null}},"9":{"start":{"line":29,"column":4},"end":{"line":29,"column":null}}},"fnMap":{"0":{"name":"(anonymous_0)","decl":{"start":{"line":5,"column":32},"end":{"line":5,"column":39}},"loc":{"start":{"line":5,"column":39},"end":{"line":31,"column":null}},"line":5},"1":{"name":"(anonymous_1)","decl":{"start":{"line":16,"column":36},"end":{"line":16,"column":37}},"loc":{"start":{"line":16,"column":46},"end":{"line":26,"column":null}},"line":16}},"branchMap":{"0":{"loc":{"start":{"line":6,"column":2},"end":{"line":6,"column":null}},"type":"if","locations":[{"start":{"line":6,"column":2},"end":{"line":6,"column":null}},{"start":{},"end":{}}],"line":6}},"s":{"0":3,"1":6,"2":1,"3":5,"4":5,"5":4,"6":4,"7":36,"8":1,"9":1},"f":{"0":6,"1":36},"b":{"0":[1,5]},"meta":{"lastBranch":1,"lastFunction":2,"lastStatement":10,"seen":{"s:5:32:31:Infinity":0,"f:5:32:5:39":0,"b:6:2:6:Infinity:undefined:undefined:undefined:undefined":0,"s:6:2:6:Infinity":1,"s:6:33:6:Infinity":2,"s:7:2:30:Infinity":3,"s:8:21:14:Infinity":4,"s:15:4:15:Infinity":5,"s:16:4:26:Infinity":6,"f:16:36:16:37":1,"s:16:46:26:Infinity":7,"s:28:4:28:Infinity":8,"s:29:4:29:Infinity":9}}}
,"C:\\Users\\laracv\\Documents\\Cursos\\ReactUdemy\\react1\\04-gif-expert-app\\src\\images\\api\\image.api.ts": {"path":"C:\\Users\\laracv\\Documents\\Cursos\\ReactUdemy\\react1\\04-gif-expert-app\\src\\images\\api\\image.api.ts","statementMap":{"0":{"start":{"line":3,"column":24},"end":{"line":5,"column":null}}},"fnMap":{},"branchMap":{},"s":{"0":4},"f":{},"b":{},"meta":{"lastBranch":0,"lastFunction":0,"lastStatement":1,"seen":{"s:3:24:5:Infinity":0}}}
,"C:\\Users\\laracv\\Documents\\Cursos\\ReactUdemy\\react1\\04-gif-expert-app\\src\\images\\components\\ImageList.tsx": {"path":"C:\\Users\\laracv\\Documents\\Cursos\\ReactUdemy\\react1\\04-gif-expert-app\\src\\images\\components\\ImageList.tsx","statementMap":{"0":{"start":{"line":6,"column":2},"end":{"line":9,"column":28}},"1":{"start":{"line":8,"column":19},"end":{"line":9,"column":28}}},"fnMap":{"0":{"name":"ImageList","decl":{"start":{"line":5,"column":16},"end":{"line":5,"column":26}},"loc":{"start":{"line":5,"column":52},"end":{"line":17,"column":null}},"line":5},"1":{"name":"(anonymous_1)","decl":{"start":{"line":8,"column":18},"end":{"line":8,"column":19}},"loc":{"start":{"line":8,"column":19},"end":{"line":9,"column":28}},"line":8}},"branchMap":{},"s":{"0":1,"1":0},"f":{"0":1,"1":0},"b":{},"meta":{"lastBranch":0,"lastFunction":2,"lastStatement":2,"seen":{"f:5:16:5:26":0,"s:6:2:9:28":0,"f:8:18:8:19":1,"s:8:19:9:28":1}}}
,"C:\\Users\\laracv\\Documents\\Cursos\\ReactUdemy\\react1\\04-gif-expert-app\\src\\images\\components\\PreviousSearchers.tsx": {"path":"C:\\Users\\laracv\\Documents\\Cursos\\ReactUdemy\\react1\\04-gif-expert-app\\src\\images\\components\\PreviousSearchers.tsx","statementMap":{"0":{"start":{"line":9,"column":2},"end":{"line":14,"column":31}},"1":{"start":{"line":13,"column":27},"end":{"line":14,"column":31}},"2":{"start":{"line":14,"column":46},"end":{"line":14,"column":null}}},"fnMap":{"0":{"name":"PreviousSearchers","decl":{"start":{"line":5,"column":16},"end":{"line":5,"column":34}},"loc":{"start":{"line":8,"column":25},"end":{"line":21,"column":null}},"line":8},"1":{"name":"(anonymous_1)","decl":{"start":{"line":13,"column":26},"end":{"line":13,"column":27}},"loc":{"start":{"line":13,"column":27},"end":{"line":14,"column":31}},"line":13},"2":{"name":"(anonymous_2)","decl":{"start":{"line":14,"column":40},"end":{"line":14,"column":46}},"loc":{"start":{"line":14,"column":46},"end":{"line":14,"column":null}},"line":14}},"branchMap":{},"s":{"0":1,"1":0,"2":0},"f":{"0":1,"1":0,"2":0},"b":{},"meta":{"lastBranch":0,"lastFunction":3,"lastStatement":3,"seen":{"f:5:16:5:34":0,"s:9:2:14:31":0,"f:13:26:13:27":1,"s:13:27:14:31":1,"f:14:40:14:46":2,"s:14:46:14:Infinity":2}}}
,"C:\\Users\\laracv\\Documents\\Cursos\\ReactUdemy\\react1\\04-gif-expert-app\\src\\images\\hooks\\useImages.tsx": {"path":"C:\\Users\\laracv\\Documents\\Cursos\\ReactUdemy\\react1\\04-gif-expert-app\\src\\images\\hooks\\useImages.tsx","statementMap":{"0":{"start":{"line":9,"column":31},"end":{"line":9,"column":null}},"1":{"start":{"line":10,"column":27},"end":{"line":10,"column":null}},"2":{"start":{"line":11,"column":8},"end":{"line":11,"column":null}},"3":{"start":{"line":13,"column":32},"end":{"line":23,"column":null}},"4":{"start":{"line":14,"column":4},"end":{"line":17,"column":null}},"5":{"start":{"line":15,"column":6},"end":{"line":15,"column":null}},"6":{"start":{"line":16,"column":6},"end":{"line":16,"column":null}},"7":{"start":{"line":19,"column":19},"end":{"line":19,"column":null}},"8":{"start":{"line":20,"column":4},"end":{"line":20,"column":null}},"9":{"start":{"line":22,"column":4},"end":{"line":22,"column":null}},"10":{"start":{"line":25,"column":23},"end":{"line":45,"column":null}},"11":{"start":{"line":27,"column":14},"end":{"line":27,"column":null}},"12":{"start":{"line":30,"column":4},"end":{"line":30,"column":null}},"13":{"start":{"line":30,"column":24},"end":{"line":30,"column":null}},"14":{"start":{"line":33,"column":4},"end":{"line":34,"column":null}},"15":{"start":{"line":33,"column":37},"end":{"line":33,"column":null}},"16":{"start":{"line":34,"column":6},"end":{"line":34,"column":null}},"17":{"start":{"line":37,"column":22},"end":{"line":37,"column":null}},"18":{"start":{"line":38,"column":4},"end":{"line":38,"column":null}},"19":{"start":{"line":40,"column":19},"end":{"line":40,"column":null}},"20":{"start":{"line":41,"column":4},"end":{"line":41,"column":null}},"21":{"start":{"line":44,"column":4},"end":{"line":44,"column":null}},"22":{"start":{"line":47,"column":2},"end":{"line":47,"column":null}}},"fnMap":{"0":{"name":"useImages","decl":{"start":{"line":8,"column":16},"end":{"line":8,"column":null}},"loc":{"start":{"line":8,"column":16},"end":{"line":48,"column":null}},"line":8},"1":{"name":"(anonymous_1)","decl":{"start":{"line":13,"column":32},"end":{"line":13,"column":39}},"loc":{"start":{"line":13,"column":39},"end":{"line":23,"column":null}},"line":13},"2":{"name":"(anonymous_2)","decl":{"start":{"line":25,"column":23},"end":{"line":25,"column":30}},"loc":{"start":{"line":25,"column":30},"end":{"line":45,"column":null}},"line":25},"3":{"name":"(anonymous_3)","decl":{"start":{"line":33,"column":22},"end":{"line":33,"column":23}},"loc":{"start":{"line":33,"column":37},"end":{"line":33,"column":null}},"line":33}},"branchMap":{"0":{"loc":{"start":{"line":14,"column":4},"end":{"line":17,"column":null}},"type":"if","locations":[{"start":{"line":14,"column":4},"end":{"line":17,"column":null}},{"start":{},"end":{}}],"line":14},"1":{"loc":{"start":{"line":30,"column":4},"end":{"line":30,"column":null}},"type":"if","locations":[{"start":{"line":30,"column":4},"end":{"line":30,"column":null}},{"start":{},"end":{}}],"line":30},"2":{"loc":{"start":{"line":33,"column":4},"end":{"line":34,"column":null}},"type":"if","locations":[{"start":{"line":33,"column":4},"end":{"line":34,"column":null}},{"start":{},"end":{}}],"line":33}},"s":{"0":22,"1":22,"2":22,"3":22,"4":3,"5":1,"6":1,"7":2,"8":2,"9":2,"10":22,"11":13,"12":13,"13":1,"14":12,"15":37,"16":1,"17":11,"18":11,"19":11,"20":11,"21":11,"22":22},"f":{"0":22,"1":3,"2":13,"3":37},"b":{"0":[1,2],"1":[1,12],"2":[1,11]},"meta":{"lastBranch":3,"lastFunction":4,"lastStatement":23,"seen":{"f:8:16:8:Infinity":0,"s:9:31:9:Infinity":0,"s:10:27:10:Infinity":1,"s:11:8:11:Infinity":2,"s:13:32:23:Infinity":3,"f:13:32:13:39":1,"b:14:4:17:Infinity:undefined:undefined:undefined:undefined":0,"s:14:4:17:Infinity":4,"s:15:6:15:Infinity":5,"s:16:6:16:Infinity":6,"s:19:19:19:Infinity":7,"s:20:4:20:Infinity":8,"s:22:4:22:Infinity":9,"s:25:23:45:Infinity":10,"f:25:23:25:30":2,"s:27:14:27:Infinity":11,"b:30:4:30:Infinity:undefined:undefined:undefined:undefined":1,"s:30:4:30:Infinity":12,"s:30:24:30:Infinity":13,"b:33:4:34:Infinity:undefined:undefined:undefined:undefined":2,"s:33:4:34:Infinity":14,"f:33:22:33:23":3,"s:33:37:33:Infinity":15,"s:34:6:34:Infinity":16,"s:37:22:37:Infinity":17,"s:38:4:38:Infinity":18,"s:40:19:40:Infinity":19,"s:41:4:41:Infinity":20,"s:44:4:44:Infinity":21,"s:47:2:47:Infinity":22}}}
,"C:\\Users\\laracv\\Documents\\Cursos\\ReactUdemy\\react1\\04-gif-expert-app\\src\\shared\\components\\CustomHeader.tsx": {"path":"C:\\Users\\laracv\\Documents\\Cursos\\ReactUdemy\\react1\\04-gif-expert-app\\src\\shared\\components\\CustomHeader.tsx","statementMap":{"0":{"start":{"line":6,"column":2},"end":{"line":9,"column":null}}},"fnMap":{"0":{"name":"CustomHeader","decl":{"start":{"line":5,"column":16},"end":{"line":5,"column":29}},"loc":{"start":{"line":5,"column":67},"end":{"line":12,"column":null}},"line":5}},"branchMap":{"0":{"loc":{"start":{"line":9,"column":7},"end":{"line":9,"column":null}},"type":"binary-expr","locations":[{"start":{"line":9,"column":7},"end":{"line":9,"column":19}},{"start":{"line":9,"column":7},"end":{"line":9,"column":null}}],"line":9}},"s":{"0":5},"f":{"0":5},"b":{"0":[5,2]},"meta":{"lastBranch":1,"lastFunction":1,"lastStatement":1,"seen":{"f:5:16:5:29":0,"s:6:2:9:Infinity":0,"b:9:7:9:19:9:7:9:Infinity":0}}}
,"C:\\Users\\laracv\\Documents\\Cursos\\ReactUdemy\\react1\\04-gif-expert-app\\src\\shared\\components\\SearchBar.tsx": {"path":"C:\\Users\\laracv\\Documents\\Cursos\\ReactUdemy\\react1\\04-gif-expert-app\\src\\shared\\components\\SearchBar.tsx","statementMap":{"0":{"start":{"line":17,"column":35},"end":{"line":17,"column":null}},"1":{"start":{"line":19,"column":23},"end":{"line":22,"column":null}},"2":{"start":{"line":20,"column":18},"end":{"line":20,"column":36}},"3":{"start":{"line":21,"column":4},"end":{"line":21,"column":null}},"4":{"start":{"line":24,"column":23},"end":{"line":27,"column":null}},"5":{"start":{"line":25,"column":4},"end":{"line":25,"column":null}},"6":{"start":{"line":26,"column":4},"end":{"line":26,"column":null}},"7":{"start":{"line":29,"column":24},"end":{"line":31,"column":null}},"8":{"start":{"line":30,"column":4},"end":{"line":30,"column":null}},"9":{"start":{"line":30,"column":31},"end":{"line":30,"column":null}},"10":{"start":{"line":33,"column":2},"end":{"line":40,"column":null}},"11":{"start":{"line":35,"column":26},"end":{"line":37,"column":null}},"12":{"start":{"line":36,"column":6},"end":{"line":36,"column":null}},"13":{"start":{"line":39,"column":4},"end":{"line":39,"column":null}},"14":{"start":{"line":39,"column":17},"end":{"line":39,"column":null}},"15":{"start":{"line":54,"column":2},"end":{"line":65,"column":null}}},"fnMap":{"0":{"name":"SearchBar","decl":{"start":{"line":13,"column":16},"end":{"line":13,"column":26}},"loc":{"start":{"line":16,"column":17},"end":{"line":68,"column":null}},"line":16},"1":{"name":"(anonymous_1)","decl":{"start":{"line":19,"column":23},"end":{"line":19,"column":24}},"loc":{"start":{"line":19,"column":24},"end":{"line":22,"column":null}},"line":19},"2":{"name":"(anonymous_2)","decl":{"start":{"line":24,"column":23},"end":{"line":24,"column":null}},"loc":{"start":{"line":24,"column":23},"end":{"line":27,"column":null}},"line":24},"3":{"name":"(anonymous_3)","decl":{"start":{"line":29,"column":24},"end":{"line":29,"column":25}},"loc":{"start":{"line":29,"column":25},"end":{"line":31,"column":null}},"line":29},"4":{"name":"(anonymous_4)","decl":{"start":{"line":33,"column":12},"end":{"line":33,"column":null}},"loc":{"start":{"line":33,"column":12},"end":{"line":40,"column":5}},"line":33},"5":{"name":"(anonymous_5)","decl":{"start":{"line":35,"column":37},"end":{"line":35,"column":null}},"loc":{"start":{"line":35,"column":37},"end":{"line":37,"column":7}},"line":35},"6":{"name":"(anonymous_6)","decl":{"start":{"line":39,"column":11},"end":{"line":39,"column":17}},"loc":{"start":{"line":39,"column":17},"end":{"line":39,"column":null}},"line":39}},"branchMap":{"0":{"loc":{"start":{"line":15,"column":2},"end":{"line":15,"column":27}},"type":"default-arg","locations":[{"start":{"line":15,"column":16},"end":{"line":15,"column":27}}],"line":15},"1":{"loc":{"start":{"line":30,"column":4},"end":{"line":30,"column":null}},"type":"if","locations":[{"start":{"line":30,"column":4},"end":{"line":30,"column":null}},{"start":{},"end":{}}],"line":30}},"s":{"0":16,"1":16,"2":7,"3":7,"4":16,"5":2,"6":2,"7":16,"8":1,"9":1,"10":16,"11":16,"12":2,"13":16,"14":16,"15":16},"f":{"0":16,"1":7,"2":2,"3":1,"4":16,"5":2,"6":16},"b":{"0":[16],"1":[1,0]},"meta":{"lastBranch":2,"lastFunction":7,"lastStatement":16,"seen":{"f:13:16:13:26":0,"b:15:16:15:27":0,"s:17:35:17:Infinity":0,"s:19:23:22:Infinity":1,"f:19:23:19:24":1,"s:20:18:20:36":2,"s:21:4:21:Infinity":3,"s:24:23:27:Infinity":4,"f:24:23:24:Infinity":2,"s:25:4:25:Infinity":5,"s:26:4:26:Infinity":6,"s:29:24:31:Infinity":7,"f:29:24:29:25":3,"b:30:4:30:Infinity:undefined:undefined:undefined:undefined":1,"s:30:4:30:Infinity":8,"s:30:31:30:Infinity":9,"s:33:2:40:Infinity":10,"f:33:12:33:Infinity":4,"s:35:26:37:Infinity":11,"f:35:37:35:Infinity":5,"s:36:6:36:Infinity":12,"s:39:4:39:Infinity":13,"f:39:11:39:17":6,"s:39:17:39:Infinity":14,"s:54:2:65:Infinity":15}}}
,"C:\\Users\\laracv\\Documents\\Cursos\\ReactUdemy\\react1\\04-gif-expert-app\\test\\mocks\\image.response.data.ts": {"path":"C:\\Users\\laracv\\Documents\\Cursos\\ReactUdemy\\react1\\04-gif-expert-app\\test\\mocks\\image.response.data.ts","statementMap":{"0":{"start":{"line":1,"column":40},"end":{"line":119,"column":null}}},"fnMap":{},"branchMap":{},"s":{"0":1},"f":{},"b":{},"meta":{"lastBranch":0,"lastFunction":0,"lastStatement":1,"seen":{"s:1:40:119:Infinity":0}}}
}
